[2026-05-11 11:21:19.862] AppLog.cs::TestWrite — Log file initialised. Path=C:\DevAbsence1\logs\AbsenceApp.log
[2026-05-11 11:21:19.868] AppLog.cs::TestWrite — FILE EXISTS — write verified OK
[2026-05-11 11:21:19.870] Routes.razor::OnInitialized — Router started. IsAuthenticated=False URI=https://0.0.0.0/
[2026-05-11 11:21:19.992] MainLayoutV2.razor::OnInitialized — Subscribing to AppState.OnChange. IsAuthenticated=False
[2026-05-11 11:21:20.007] MainLayoutV2.razor::OnParametersSet — Parameters set. IsAuthenticated=False _isInitializing=True
[2026-05-11 11:21:20.054] Routes.razor::CheckAuthRedirect — [from=OnInitialized] Unauthenticated access to '/' — redirecting to /login
[2026-05-11 11:21:20.117] MainLayoutV2.razor::OnAfterRenderAsync — firstRender=true. IsAuthenticated=False. Clearing _isInitializing. sidebarWillRender=False (SidebarV2 is mounted when IsAuthenticated=true)
[2026-05-11 11:21:20.119] MainLayoutV2.razor::OnAfterRenderAsync — Not authenticated. Waiting for Routes.razor guard to redirect.
[2026-05-11 11:21:20.132] Routes.razor::OnLocationChanged — URI=https://0.0.0.0/login IsAuthenticated=False
[2026-05-11 11:21:20.173] MainLayoutV2.razor::Dispose — Unsubscribing from AppState.OnChange
[2026-05-11 11:21:20.633] Login.razor::OnInitialized — IsAuthenticated=False
[2026-05-11 11:21:20.634] Login.razor::OnInitialized — Not authenticated — showing login form. username='' password='' errorMessage=''
[2026-05-11 11:21:20.648] Routes.razor::CheckAuthRedirect — [from=LocationChanged] path='/login' IsAuthenticated=False — no redirect
[2026-05-11 11:21:20.651] Routes.razor::OnLocationChanged — URI=https://0.0.0.0/v2/dashboard/overview IsAuthenticated=False
[2026-05-11 11:21:20.653] MainLayoutV2.razor::OnInitialized — Subscribing to AppState.OnChange. IsAuthenticated=False
[2026-05-11 11:21:20.655] MainLayoutV2.razor::OnParametersSet — Parameters set. IsAuthenticated=False _isInitializing=True
[2026-05-11 11:21:20.687] Routes.razor::CheckAuthRedirect — [from=LocationChanged] Ignoring stale MAUI WebView navigation to '/v2/dashboard/overview' while unauthenticated.
[2026-05-11 11:21:20.693] MainLayoutV2.razor::OnAfterRenderAsync — firstRender=true. IsAuthenticated=False. Clearing _isInitializing. sidebarWillRender=False (SidebarV2 is mounted when IsAuthenticated=true)
[2026-05-11 11:21:20.705] MainLayoutV2.razor::OnAfterRenderAsync — Not authenticated. Waiting for Routes.razor guard to redirect.
[2026-05-11 11:21:20.723] PageHeaderV2.razor::OnInitializedAsync — ENTER — URI='https://0.0.0.0/v2/dashboard/overview'
[2026-05-11 11:21:20.730] PageHeaderV2.razor::UpdateAsync — ENTER path='/v2/dashboard/overview'
[2026-05-11 11:21:20.732] PageHeaderV2.razor::UpdateAsync — Path is normal menu — calling GetMenuCategoriesAsync() path='/v2/dashboard/overview'
[2026-05-11 11:21:20.742] NavigationServiceV2.cs::GetMenuCategoriesAsync — CACHE MISS — acquiring async lock
[2026-05-11 11:21:20.745] NavigationServiceV2.cs::GetMenuCategoriesAsync — Lock acquired
[2026-05-11 11:21:20.747] NavigationServiceV2.cs::GetMenuCategoriesAsync — Requesting from NavigationApiServiceV2
[2026-05-11 11:21:20.752] NavigationApiServiceV2.cs::GetMenuCategoriesAsync — ENTER GetMenuCategoriesAsync
[2026-05-11 11:21:20.765] NavigationApiServiceV2.cs::GetMenuCategoriesAsync — CurrentUserId=0
[2026-05-11 11:21:23.563] Routes.razor::OnLocationChanged — URI=https://0.0.0.0/login IsAuthenticated=False
[2026-05-11 11:21:23.569] MainLayoutV2.razor::Dispose — Unsubscribing from AppState.OnChange
[2026-05-11 11:21:23.572] PageHeaderV2.razor::Dispose — Unsubscribing from Nav.LocationChanged
[2026-05-11 11:21:23.574] Login.razor::OnInitialized — IsAuthenticated=False
[2026-05-11 11:21:23.577] Login.razor::OnInitialized — Not authenticated — showing login form. username='' password='' errorMessage=''
[2026-05-11 11:21:23.580] PageHeaderV2.razor::OnLocationChanged — Location changed to 'https://0.0.0.0/login' — dispatching UpdateAsync
[2026-05-11 11:21:23.583] Routes.razor::CheckAuthRedirect — [from=LocationChanged] path='/login' IsAuthenticated=False — no redirect
[2026-05-11 11:21:23.587] PageHeaderV2.razor::UpdateAsync — ENTER path='/login'
[2026-05-11 11:21:23.589] PageHeaderV2.razor::UpdateAsync — Path is normal menu — calling GetMenuCategoriesAsync() path='/login'
[2026-05-11 11:21:23.593] NavigationServiceV2.cs::GetMenuCategoriesAsync — CACHE MISS — acquiring async lock
[2026-05-11 11:21:23.613] Login.razor::OnAfterRender — firstRender=True IsAuthenticated=False errorMessage=''
[2026-05-11 11:21:23.757] NavigationApiServiceV2.cs::GetMenuCategoriesAsync — Rows returned = 0
[2026-05-11 11:21:23.769] NavigationApiServiceV2.cs::GetMenuCategoriesAsync — Categories built = 0
[2026-05-11 11:21:23.780] NavigationServiceV2.cs::GetMenuCategoriesAsync — NavigationApiServiceV2 returned — caching 0 categories
[2026-05-11 11:21:23.782] NavigationServiceV2.cs::GetMenuCategoriesAsync — Lock released
[2026-05-11 11:21:23.784] PageHeaderV2.razor::UpdateAsync — GetMenuCategoriesAsync returned 0 categories
[2026-05-11 11:21:23.785] PageHeaderV2.razor::UpdateAsync — EXIT path='/v2/dashboard/overview' — no route match found — labels remain empty
[2026-05-11 11:21:23.787] PageHeaderV2.razor::OnInitializedAsync — EXIT — _groupLabel='' _itemLabel=''
[2026-05-11 11:21:23.791] NavigationServiceV2.cs::GetMenuCategoriesAsync — Lock acquired
[2026-05-11 11:21:23.831] NavigationServiceV2.cs::GetMenuCategoriesAsync — Double-check: cache was populated while we waited — returning 0 cached categories
[2026-05-11 11:21:23.837] NavigationServiceV2.cs::GetMenuCategoriesAsync — Lock released
[2026-05-11 11:21:23.839] PageHeaderV2.razor::UpdateAsync — GetMenuCategoriesAsync returned 0 categories
[2026-05-11 11:21:23.843] PageHeaderV2.razor::UpdateAsync — EXIT path='/login' — no route match found — labels remain empty
